<?xml version="1.0" encoding="UTF-8"?>
<testng-results ignored="0" total="1" passed="1" failed="0" skipped="0">
  <reporter-output>
  </reporter-output>
  <suite started-at="2024-12-29T11:53:52 IST" name="Suite" finished-at="2024-12-29T11:53:58 IST" duration-ms="6627">
    <groups>
    </groups>
    <test started-at="2024-12-29T11:53:52 IST" name="Test" finished-at="2024-12-29T11:53:58 IST" duration-ms="6627">
      <class name="com.Jenkins.parameterize.org.JenkinsParameterizeed.AppTest">
        <test-method signature="shouldAnswerWithTrue(java.lang.String)[pri:0, instance:com.Jenkins.parameterize.org.JenkinsParameterizeed.AppTest@63021689]" started-at="2024-12-29T11:53:52 IST" name="shouldAnswerWithTrue" finished-at="2024-12-29T11:53:58 IST" duration-ms="6583" status="PASS">
          <params>
            <param index="0">
              <value>
                <![CDATA[]]>
              </value>
            </param>
          </params>
          <reporter-output>
          </reporter-output>
        </test-method> <!-- shouldAnswerWithTrue -->
      </class> <!-- com.Jenkins.parameterize.org.JenkinsParameterizeed.AppTest -->
    </test> <!-- Test -->
  </suite> <!-- Suite -->
</testng-results>
